This is pdfTeX, Version 3.141592653-2.6-1.40.24 (MiKTeX 22.11.25) (preloaded format=pdflatex 2022.12.1)  22 MAR 2023 15:09
entering extended mode
 restricted \write18 enabled.
 file:line:error style messages enabled.
 %&-line parsing enabled.
**d:/学习/Paper_under_working/20230302_ML_paper/latex/20230302_ML_paper.tex
(d:/学习/Paper_under_working/20230302_ML_paper/latex/20230302_ML_paper.tex
LaTeX2e <2022-11-01>
L3 programming layer <2022-11-02> (C:\Program Files\MiKTeX\tex/latex/base\article.cls
Document Class: article 2022/07/02 v1.4n Standard LaTeX document class
(C:\Program Files\MiKTeX\tex/latex/base\size12.clo
File: size12.clo 2022/07/02 v1.4n Standard LaTeX file (size option)
)
\c@part=\count185
\c@section=\count186
\c@subsection=\count187
\c@subsubsection=\count188
\c@paragraph=\count189
\c@subparagraph=\count190
\c@figure=\count191
\c@table=\count192
\abovecaptionskip=\skip47
\belowcaptionskip=\skip48
\bibindent=\dimen140
) (preamble.sty (C:\Program Files\MiKTeX\tex/latex/tools\array.sty
Package: array 2022/03/10 v2.5f Tabular extension package (FMi)
\col@sep=\dimen141
\ar@mcellbox=\box51
\extrarowheight=\dimen142
\NC@list=\toks16
\extratabsurround=\skip49
\backup@length=\skip50
\ar@cellbox=\box52
) (C:\Program Files\MiKTeX\tex/latex/amsfonts\amssymb.sty
Package: amssymb 2013/01/14 v3.01 AMS font symbols
 (C:\Program Files\MiKTeX\tex/latex/amsfonts\amsfonts.sty
Package: amsfonts 2013/01/14 v3.01 Basic AMSFonts support
\@emptytoks=\toks17
\symAMSa=\mathgroup4
\symAMSb=\mathgroup5
LaTeX Font Info:    Redeclaring math symbol \hbar on input line 98.
LaTeX Font Info:    Overwriting math alphabet `\mathfrak' in version `bold'
(Font)                  U/euf/m/n --> U/euf/b/n on input line 106.
)) (C:\Program Files\MiKTeX\tex/latex/amsmath\amsmath.sty
Package: amsmath 2022/04/08 v2.17n AMS math features
\@mathmargin=\skip51

For additional information on amsmath, use the `?' option.
(C:\Program Files\MiKTeX\tex/latex/amsmath\amstext.sty
Package: amstext 2021/08/26 v2.01 AMS text
 (C:\Program Files\MiKTeX\tex/latex/amsmath\amsgen.sty
File: amsgen.sty 1999/11/30 v2.0 generic functions
\@emptytoks=\toks18
\ex@=\dimen143
)) (C:\Program Files\MiKTeX\tex/latex/amsmath\amsbsy.sty
Package: amsbsy 1999/11/29 v1.2d Bold Symbols
\pmbraise@=\dimen144
) (C:\Program Files\MiKTeX\tex/latex/amsmath\amsopn.sty
Package: amsopn 2022/04/08 v2.04 operator names
)
\inf@bad=\count193
LaTeX Info: Redefining \frac on input line 234.
\uproot@=\count194
\leftroot@=\count195
LaTeX Info: Redefining \overline on input line 399.
LaTeX Info: Redefining \colon on input line 410.
\classnum@=\count196
\DOTSCASE@=\count197
LaTeX Info: Redefining \ldots on input line 496.
LaTeX Info: Redefining \dots on input line 499.
LaTeX Info: Redefining \cdots on input line 620.
\Mathstrutbox@=\box53
\strutbox@=\box54
LaTeX Info: Redefining \big on input line 722.
LaTeX Info: Redefining \Big on input line 723.
LaTeX Info: Redefining \bigg on input line 724.
LaTeX Info: Redefining \Bigg on input line 725.
\big@size=\dimen145
LaTeX Font Info:    Redeclaring font encoding OML on input line 743.
LaTeX Font Info:    Redeclaring font encoding OMS on input line 744.
\macc@depth=\count198
LaTeX Info: Redefining \bmod on input line 905.
LaTeX Info: Redefining \pmod on input line 910.
LaTeX Info: Redefining \smash on input line 940.
LaTeX Info: Redefining \relbar on input line 970.
LaTeX Info: Redefining \Relbar on input line 971.
\c@MaxMatrixCols=\count199
\dotsspace@=\muskip16
\c@parentequation=\count266
\dspbrk@lvl=\count267
\tag@help=\toks19
\row@=\count268
\column@=\count269
\maxfields@=\count270
\andhelp@=\toks20
\eqnshift@=\dimen146
\alignsep@=\dimen147
\tagshift@=\dimen148
\tagwidth@=\dimen149
\totwidth@=\dimen150
\lineht@=\dimen151
\@envbody=\toks21
\multlinegap=\skip52
\multlinetaggap=\skip53
\mathdisplay@stack=\toks22
LaTeX Info: Redefining \[ on input line 2953.
LaTeX Info: Redefining \] on input line 2954.
) (C:\Users\wangc\AppData\Roaming\MiKTeX\tex/latex/shipunov\boldline.sty
Package: boldline 2008/02/04 v0.2 Adjust line width in tables
) (C:\Users\wangc\AppData\Roaming\MiKTeX\tex/latex/booktabs\booktabs.sty
Package: booktabs 2020/01/12 v1.61803398 Publication quality tables
\heavyrulewidth=\dimen152
\lightrulewidth=\dimen153
\cmidrulewidth=\dimen154
\belowrulesep=\dimen155
\belowbottomsep=\dimen156
\aboverulesep=\dimen157
\abovetopsep=\dimen158
\cmidrulesep=\dimen159
\cmidrulekern=\dimen160
\defaultaddspace=\dimen161
\@cmidla=\count271
\@cmidlb=\count272
\@aboverulesep=\dimen162
\@belowrulesep=\dimen163
\@thisruleclass=\count273
\@lastruleclass=\count274
\@thisrulewidth=\dimen164
) (C:\Program Files\MiKTeX\tex/latex/graphics\color.sty
Package: color 2022/01/06 v1.3d Standard LaTeX Color (DPC)
 (C:\Program Files\MiKTeX\tex/latex/graphics-cfg\color.cfg
File: color.cfg 2016/01/02 v1.6 sample color configuration
)
Package color Info: Driver file: pdftex.def on input line 149.
 (C:\Program Files\MiKTeX\tex/latex/graphics-def\pdftex.def
File: pdftex.def 2022/09/22 v1.2b Graphics/color driver for pdftex
) (C:\Program Files\MiKTeX\tex/latex/graphics\mathcolor.ltx)) (C:\Users\wangc\AppData\Roaming\MiKTeX\tex/latex/comment\comment.sty
\CommentStream=\write3
 Excluding comment 'comment') (C:\Users\wangc\AppData\Roaming\MiKTeX\tex/latex/caption\caption.sty
Package: caption 2022/03/01 v3.6b Customizing captions (AR)
 (C:\Users\wangc\AppData\Roaming\MiKTeX\tex/latex/caption\caption3.sty
Package: caption3 2022/03/17 v2.3b caption3 kernel (AR)
 (C:\Program Files\MiKTeX\tex/latex/graphics\keyval.sty
Package: keyval 2022/05/29 v1.15 key=value parser (DPC)
\KV@toks@=\toks23
)
\caption@tempdima=\dimen165
\captionmargin=\dimen166
\caption@leftmargin=\dimen167
\caption@rightmargin=\dimen168
\caption@width=\dimen169
\caption@indent=\dimen170
\caption@parindent=\dimen171
\caption@hangindent=\dimen172
Package caption Info: Standard document class detected.
)
\c@caption@flags=\count275
\c@continuedfloat=\count276
) (C:\Users\wangc\AppData\Roaming\MiKTeX\tex/latex/cellspace\cellspace.sty
Package: cellspace 2022/01/04 v1.9.0 Spacing table cells (JN)
 (C:\Program Files\MiKTeX\tex/latex/base\ifthen.sty
Package: ifthen 2022/04/13 v1.1d Standard LaTeX ifthen package (DPC)
) (C:\Program Files\MiKTeX\tex/latex/tools\calc.sty
Package: calc 2017/05/25 v4.3 Infix arithmetic (KKT,FJ)
\calc@Acount=\count277
\calc@Bcount=\count278
\calc@Adimen=\dimen173
\calc@Bdimen=\dimen174
\calc@Askip=\skip54
\calc@Bskip=\skip55
LaTeX Info: Redefining \setlength on input line 80.
LaTeX Info: Redefining \addtolength on input line 81.
\calc@Ccount=\count279
\calc@Cskip=\skip56
) (C:\Program Files\MiKTeX\tex/latex/xkeyval\xkeyval.sty
Package: xkeyval 2022/06/16 v2.9 package option processing (HA)
 (C:\Program Files\MiKTeX\tex/generic/xkeyval\xkeyval.tex (C:\Program Files\MiKTeX\tex/generic/xkeyval\xkvutils.tex
\XKV@toks=\toks24
\XKV@tempa@toks=\toks25
)
\XKV@depth=\count280
File: xkeyval.tex 2014/12/03 v2.7a key=value parser (HA)
))
\cellspacetoplimit=\dimen175
\cellspacebottomlimit=\dimen176
\cellspace@firstht=\dimen177
\cellspace@lastdp=\dimen178
) (C:\Users\wangc\AppData\Roaming\MiKTeX\tex/latex/eurosym\eurosym.sty
Package: eurosym 1998/08/06 v1.1 European currency symbol ``Euro''
\@eurobox=\box55
) (C:\Users\wangc\AppData\Roaming\MiKTeX\tex/latex/footmisc\footmisc.sty
Package: footmisc 2022/03/08 v6.0d a miscellany of footnote facilities
\FN@temptoken=\toks26
\footnotemargin=\dimen179
\@outputbox@depth=\dimen180
Package footmisc Info: Declaring symbol style bringhurst on input line 695.
Package footmisc Info: Declaring symbol style chicago on input line 703.
Package footmisc Info: Declaring symbol style wiley on input line 712.
Package footmisc Info: Declaring symbol style lamport-robust on input line 723.
Package footmisc Info: Declaring symbol style lamport* on input line 743.
Package footmisc Info: Declaring symbol style lamport*-robust on input line 764.
) (C:\Users\wangc\AppData\Roaming\MiKTeX\tex/latex/float\float.sty
Package: float 2001/11/08 v1.3d Float enhancements (AL)
\c@float@type=\count281
\float@exts=\toks27
\float@box=\box56
\@float@everytoks=\toks28
\@floatcapt=\box57
) (C:\Users\wangc\AppData\Roaming\MiKTeX\tex/latex/geometry\geometry.sty
Package: geometry 2020/01/02 v5.9 Page Geometry
 (C:\Program Files\MiKTeX\tex/generic/iftex\ifvtex.sty
Package: ifvtex 2019/10/25 v1.7 ifvtex legacy package. Use iftex instead.
 (C:\Program Files\MiKTeX\tex/generic/iftex\iftex.sty
Package: iftex 2022/02/03 v1.0f TeX engine tests
))
\Gm@cnth=\count282
\Gm@cntv=\count283
\c@Gm@tempcnt=\count284
\Gm@bindingoffset=\dimen181
\Gm@wd@mp=\dimen182
\Gm@odd@mp=\dimen183
\Gm@even@mp=\dimen184
\Gm@layoutwidth=\dimen185
\Gm@layoutheight=\dimen186
\Gm@layouthoffset=\dimen187
\Gm@layoutvoffset=\dimen188
\Gm@dimlist=\toks29
 (C:\Users\wangc\AppData\Roaming\MiKTeX\tex/latex/geometry\geometry.cfg)) (C:\Program Files\MiKTeX\tex/latex/graphics\graphicx.sty
Package: graphicx 2021/09/16 v1.2d Enhanced LaTeX Graphics (DPC,SPQR)
 (C:\Program Files\MiKTeX\tex/latex/graphics\graphics.sty
Package: graphics 2022/03/10 v1.4e Standard LaTeX Graphics (DPC,SPQR)
 (C:\Program Files\MiKTeX\tex/latex/graphics\trig.sty
Package: trig 2021/08/11 v1.11 sin cos tan (DPC)
) (C:\Program Files\MiKTeX\tex/latex/graphics-cfg\graphics.cfg
File: graphics.cfg 2016/06/04 v1.11 sample graphics configuration
)
Package graphics Info: Driver file: pdftex.def on input line 107.
)
\Gin@req@height=\dimen189
\Gin@req@width=\dimen190
) (C:\Users\wangc\AppData\Roaming\MiKTeX\tex/latex/makecell\makecell.sty
Package: makecell 2009/08/03 V0.1e Managing of Tab Column Heads and Cells
\rotheadsize=\dimen191
\c@nlinenum=\count285
\TeXr@lab=\toks30
) (C:\Users\wangc\AppData\Roaming\MiKTeX\tex/latex/pdflscape\pdflscape.sty
Package: pdflscape 2022-10-27 v0.13 Display of landscape pages in PDF
 (C:\Users\wangc\AppData\Roaming\MiKTeX\tex/latex/pdflscape\pdflscape-nometadata.sty
Package: pdflscape-nometadata 2022-10-28 v0.13 Display of landscape pages in PDF (HO)
 (C:\Program Files\MiKTeX\tex/latex/graphics\lscape.sty
Package: lscape 2020/05/28 v3.02 Landscape Pages (DPC)
)
Package pdflscape Info: Auto-detected driver: pdftex on input line 81.
)) (C:\Program Files\MiKTeX\tex/latex/ragged2e\ragged2e.sty
Package: ragged2e 2022/11/13 v3.2 ragged2e Package
\CenteringLeftskip=\skip57
\RaggedLeftLeftskip=\skip58
\RaggedRightLeftskip=\skip59
\CenteringRightskip=\skip60
\RaggedLeftRightskip=\skip61
\RaggedRightRightskip=\skip62
\CenteringParfillskip=\skip63
\RaggedLeftParfillskip=\skip64
\RaggedRightParfillskip=\skip65
\JustifyingParfillskip=\skip66
\CenteringParindent=\skip67
\RaggedLeftParindent=\skip68
\RaggedRightParindent=\skip69
\JustifyingParindent=\skip70
) (C:\Users\wangc\AppData\Roaming\MiKTeX\tex/latex/setspace\setspace.sty
Package: setspace 2011/12/19 v6.7a set line spacing
) (C:\Users\wangc\AppData\Roaming\MiKTeX\tex/latex/sectsty\sectsty.sty
Package: sectsty 2002/02/25 v2.0.2 Commands to change all sectional heading styles


LaTeX Warning: Command \underbar  has changed.
               Check if current package is valid.


LaTeX Warning: Command \underline  has changed.
               Check if current package is valid.

) (C:\Users\wangc\AppData\Roaming\MiKTeX\tex/latex/subfigure\subfigure.sty
Package: subfigure 2002/07/30 v2.1.4 subfigure package
\subfigtopskip=\skip71
\subfigcapskip=\skip72
\subfigcaptopadj=\dimen192
\subfigbottomskip=\skip73
\subfigcapmargin=\dimen193
\subfiglabelskip=\skip74
\c@subfigure=\count286
\c@lofdepth=\count287
\c@subtable=\count288
\c@lotdepth=\count289

****************************************
* Local config file subfigure.cfg used *
****************************************
(C:\Users\wangc\AppData\Roaming\MiKTeX\tex/latex/subfigure\subfigure.cfg)
\subfig@top=\skip75
\subfig@bottom=\skip76
) (C:\Program Files\MiKTeX\tex/latex/tools\tabularx.sty
Package: tabularx 2020/01/15 v2.11c `tabularx' package (DPC)
\TX@col@width=\dimen194
\TX@old@table=\dimen195
\TX@old@col=\dimen196
\TX@target=\dimen197
\TX@delta=\dimen198
\TX@cols=\count290
\TX@ftn=\toks31
) (C:\Users\wangc\AppData\Roaming\MiKTeX\tex/latex/threeparttable\threeparttable.sty
Package: threeparttable 2003/06/13  v 3.0
\@tempboxb=\box58
) (C:\Users\wangc\AppData\Roaming\MiKTeX\tex/latex/ulem\ulem.sty
\UL@box=\box59
\UL@hyphenbox=\box60
\UL@skip=\skip77
\UL@hook=\toks32
\UL@height=\dimen199
\UL@pe=\count291
\UL@pixel=\dimen256
\ULC@box=\box61
Package: ulem 2019/11/18
\ULdepth=\dimen257
) (C:\Users\wangc\AppData\Roaming\MiKTeX\tex/latex/natbib\natbib.sty
Package: natbib 2010/09/13 8.31b (PWD, AO)
\bibhang=\skip78
\bibsep=\skip79
LaTeX Info: Redefining \cite on input line 694.
\c@NAT@ctr=\count292
) (C:\Program Files\MiKTeX\tex/latex/hyperref\hyperref.sty
Package: hyperref 2022-11-13 v7.00u Hypertext links for LaTeX
 (C:\Users\wangc\AppData\Roaming\MiKTeX\tex/generic/ltxcmds\ltxcmds.sty
Package: ltxcmds 2020-05-10 v1.25 LaTeX kernel commands for general use (HO)
) (C:\Program Files\MiKTeX\tex/generic/pdftexcmds\pdftexcmds.sty
Package: pdftexcmds 2020-06-27 v0.33 Utility functions of pdfTeX for LuaTeX (HO)
 (C:\Users\wangc\AppData\Roaming\MiKTeX\tex/generic/infwarerr\infwarerr.sty
Package: infwarerr 2019/12/03 v1.5 Providing info/warning/error messages (HO)
)
Package pdftexcmds Info: \pdf@primitive is available.
Package pdftexcmds Info: \pdf@ifprimitive is available.
Package pdftexcmds Info: \pdfdraftmode found.
) (C:\Users\wangc\AppData\Roaming\MiKTeX\tex/latex/kvsetkeys\kvsetkeys.sty
Package: kvsetkeys 2022-10-05 v1.19 Key value parser (HO)
) (C:\Users\wangc\AppData\Roaming\MiKTeX\tex/generic/kvdefinekeys\kvdefinekeys.sty
Package: kvdefinekeys 2019-12-19 v1.6 Define keys (HO)
) (C:\Users\wangc\AppData\Roaming\MiKTeX\tex/generic/pdfescape\pdfescape.sty
Package: pdfescape 2019/12/09 v1.15 Implements pdfTeX's escape features (HO)
) (C:\Users\wangc\AppData\Roaming\MiKTeX\tex/latex/hycolor\hycolor.sty
Package: hycolor 2020-01-27 v1.10 Color options for hyperref/bookmark (HO)
) (C:\Users\wangc\AppData\Roaming\MiKTeX\tex/latex/letltxmacro\letltxmacro.sty
Package: letltxmacro 2019/12/03 v1.6 Let assignment for LaTeX macros (HO)
) (C:\Users\wangc\AppData\Roaming\MiKTeX\tex/latex/auxhook\auxhook.sty
Package: auxhook 2019-12-17 v1.6 Hooks for auxiliary files (HO)
) (C:\Program Files\MiKTeX\tex/latex/hyperref\nameref.sty
Package: nameref 2022-05-17 v2.50 Cross-referencing by name of section
 (C:\Users\wangc\AppData\Roaming\MiKTeX\tex/latex/refcount\refcount.sty
Package: refcount 2019/12/15 v3.6 Data extraction from label references (HO)
) (C:\Users\wangc\AppData\Roaming\MiKTeX\tex/generic/gettitlestring\gettitlestring.sty
Package: gettitlestring 2019/12/15 v1.6 Cleanup title references (HO)
 (C:\Users\wangc\AppData\Roaming\MiKTeX\tex/latex/kvoptions\kvoptions.sty
Package: kvoptions 2022-06-15 v3.15 Key value format for package options (HO)
))
\c@section@level=\count293
)
\@linkdim=\dimen258
\Hy@linkcounter=\count294
\Hy@pagecounter=\count295
 (C:\Program Files\MiKTeX\tex/latex/hyperref\pd1enc.def
File: pd1enc.def 2022-11-13 v7.00u Hyperref: PDFDocEncoding definition (HO)
Now handling font encoding PD1 ...
... no UTF-8 mapping file for font encoding PD1
) (C:\Users\wangc\AppData\Roaming\MiKTeX\tex/generic/intcalc\intcalc.sty
Package: intcalc 2019/12/15 v1.3 Expandable calculations with integers (HO)
) (C:\Users\wangc\AppData\Roaming\MiKTeX\tex/generic/etexcmds\etexcmds.sty
Package: etexcmds 2019/12/15 v1.7 Avoid name clashes with e-TeX commands (HO)
)
\Hy@SavedSpaceFactor=\count296
 (C:\Program Files\MiKTeX\tex/latex/hyperref\puenc.def
File: puenc.def 2022-11-13 v7.00u Hyperref: PDF Unicode definition (HO)
Now handling font encoding PU ...
... no UTF-8 mapping file for font encoding PU
)
Package hyperref Info: Option `colorlinks' set `true' on input line 4045.
Package hyperref Info: Hyper figures OFF on input line 4162.
Package hyperref Info: Link nesting OFF on input line 4167.
Package hyperref Info: Hyper index ON on input line 4170.
Package hyperref Info: Plain pages OFF on input line 4177.
Package hyperref Info: Backreferencing OFF on input line 4182.
Package hyperref Info: Implicit mode ON; LaTeX internals redefined.
Package hyperref Info: Bookmarks ON on input line 4410.
\c@Hy@tempcnt=\count297
 (C:\Program Files\MiKTeX\tex/latex/url\url.sty
\Urlmuskip=\muskip17
Package: url 2013/09/16  ver 3.4  Verb mode for urls, etc.
)
LaTeX Info: Redefining \url on input line 4748.
\XeTeXLinkMargin=\dimen259
 (C:\Users\wangc\AppData\Roaming\MiKTeX\tex/generic/bitset\bitset.sty
Package: bitset 2019/12/09 v1.3 Handle bit-vector datatype (HO)
 (C:\Users\wangc\AppData\Roaming\MiKTeX\tex/generic/bigintcalc\bigintcalc.sty
Package: bigintcalc 2019/12/15 v1.5 Expandable calculations on big integers (HO)
))
\Fld@menulength=\count298
\Field@Width=\dimen260
\Fld@charsize=\dimen261
Package hyperref Info: Hyper figures OFF on input line 6027.
Package hyperref Info: Link nesting OFF on input line 6032.
Package hyperref Info: Hyper index ON on input line 6035.
Package hyperref Info: backreferencing OFF on input line 6042.
Package hyperref Info: Link coloring ON on input line 6045.
Package hyperref Info: Link coloring with OCG OFF on input line 6052.
Package hyperref Info: PDF/A mode OFF on input line 6057.
 (C:\Program Files\MiKTeX\tex/latex/base\atbegshi-ltx.sty
Package: atbegshi-ltx 2021/01/10 v1.0c Emulation of the original atbegshi
package with kernel methods
)
\Hy@abspage=\count299
\c@Item=\count300
\c@Hfootnote=\count301
)
Package hyperref Info: Driver (autodetected): hpdftex.
 (C:\Program Files\MiKTeX\tex/latex/hyperref\hpdftex.def
File: hpdftex.def 2022-11-13 v7.00u Hyperref driver for pdfTeX
 (C:\Program Files\MiKTeX\tex/latex/base\atveryend-ltx.sty
Package: atveryend-ltx 2020/08/19 v1.0a Emulation of the original atveryend package
with kernel methods
)
\Fld@listcount=\count302
\c@bookmark@seq@number=\count303
 (C:\Users\wangc\AppData\Roaming\MiKTeX\tex/latex/rerunfilecheck\rerunfilecheck.sty
Package: rerunfilecheck 2022-07-10 v1.10 Rerun checks for auxiliary files (HO)
 (C:\Users\wangc\AppData\Roaming\MiKTeX\tex/generic/uniquecounter\uniquecounter.sty
Package: uniquecounter 2019/12/15 v1.4 Provide unlimited unique counter (HO)
)
Package uniquecounter Info: New unique counter `rerunfilecheck' on input line 285.
)
\Hy@SectionHShift=\skip80
) (C:\Program Files\MiKTeX\tex/latex/xcolor\xcolor.sty
Package: xcolor 2022/06/12 v2.14 LaTeX color extensions (UK)
 (C:\Program Files\MiKTeX\tex/latex/graphics-cfg\color.cfg
File: color.cfg 2016/01/02 v1.6 sample color configuration
)
Package xcolor Info: Driver file: pdftex.def on input line 227.
 (C:\Users\wangc\AppData\Roaming\MiKTeX\tex/latex/colortbl\colortbl.sty
Package: colortbl 2022/06/20 v1.0f Color table columns (DPC)
\everycr=\toks33
\minrowclearance=\skip81
\rownum=\count304
)
LaTeX Info: Redefining \color on input line 711.
 (C:\Program Files\MiKTeX\tex/latex/graphics\mathcolor.ltx)
Package xcolor Info: Model `cmy' substituted by `cmy0' on input line 1353.
Package xcolor Info: Model `hsb' substituted by `rgb' on input line 1357.
Package xcolor Info: Model `RGB' extended on input line 1369.
Package xcolor Info: Model `HTML' substituted by `rgb' on input line 1371.
Package xcolor Info: Model `Hsb' substituted by `hsb' on input line 1372.
Package xcolor Info: Model `tHsb' substituted by `hsb' on input line 1373.
Package xcolor Info: Model `HSB' substituted by `hsb' on input line 1374.
Package xcolor Info: Model `Gray' substituted by `gray' on input line 1375.
Package xcolor Info: Model `wave' substituted by `hsb' on input line 1376.
)
\c@theorem=\count305
\c@proposition=\count306
\c@hyp=\count307
\c@subhyp=\count308
) (C:\Program Files\MiKTeX\tex/latex/l3backend\l3backend-pdftex.def
File: l3backend-pdftex.def 2022-10-26 L3 backend support: PDF output (pdfTeX)
\l__color_backend_stack_int=\count309
\l__pdf_internal_box=\box62
) (20230302_ML_paper.aux)
\openout1 = `20230302_ML_paper.aux'.

LaTeX Font Info:    Checking defaults for OML/cmm/m/it on input line 4.
LaTeX Font Info:    ... okay on input line 4.
LaTeX Font Info:    Checking defaults for OMS/cmsy/m/n on input line 4.
LaTeX Font Info:    ... okay on input line 4.
LaTeX Font Info:    Checking defaults for OT1/cmr/m/n on input line 4.
LaTeX Font Info:    ... okay on input line 4.
LaTeX Font Info:    Checking defaults for T1/cmr/m/n on input line 4.
LaTeX Font Info:    ... okay on input line 4.
LaTeX Font Info:    Checking defaults for TS1/cmr/m/n on input line 4.
LaTeX Font Info:    ... okay on input line 4.
LaTeX Font Info:    Checking defaults for OMX/cmex/m/n on input line 4.
LaTeX Font Info:    ... okay on input line 4.
LaTeX Font Info:    Checking defaults for U/cmr/m/n on input line 4.
LaTeX Font Info:    ... okay on input line 4.
LaTeX Font Info:    Checking defaults for PD1/pdf/m/n on input line 4.
LaTeX Font Info:    ... okay on input line 4.
LaTeX Font Info:    Checking defaults for PU/pdf/m/n on input line 4.
LaTeX Font Info:    ... okay on input line 4.
 (C:\Program Files\MiKTeX\tex/context/base/mkii\supp-pdf.mkii
[Loading MPS to PDF converter (version 2006.09.02).]
\scratchcounter=\count310
\scratchdimen=\dimen262
\scratchbox=\box63
\nofMPsegments=\count311
\nofMParguments=\count312
\everyMPshowfont=\toks34
\MPscratchCnt=\count313
\MPscratchDim=\dimen263
\MPnumerator=\count314
\makeMPintoPDFobject=\count315
\everyMPtoPDFconversion=\toks35
) (C:\Program Files\MiKTeX\tex/latex/epstopdf-pkg\epstopdf-base.sty
Package: epstopdf-base 2020-01-24 v2.11 Base part for package epstopdf
Package epstopdf-base Info: Redefining graphics rule for `.eps' on input line 485.
 (C:\Program Files\MiKTeX\tex/latex/00miktex\epstopdf-sys.cfg
File: epstopdf-sys.cfg 2021/03/18 v2.0 Configuration of epstopdf for MiKTeX
))
Package caption Info: Begin \AtBeginDocument code.
Package caption Info: float package is loaded.
Package caption Info: hyperref package is loaded.
Package caption Info: subfigure package is loaded.
Package caption Info: threeparttable package is loaded.
Package caption Info: End \AtBeginDocument code.

*geometry* driver: auto-detecting
*geometry* detected driver: pdftex
*geometry* verbose mode - [ preamble ] result:
* driver: pdftex
* paper: <default>
* layout: <same size as paper>
* layoutoffset:(h,v)=(0.0pt,0.0pt)
* modes: 
* h-part:(L,W,R)=(72.26999pt, 469.75502pt, 72.26999pt)
* v-part:(T,H,B)=(72.26999pt, 650.43001pt, 72.26999pt)
* \paperwidth=614.295pt
* \paperheight=794.96999pt
* \textwidth=469.75502pt
* \textheight=650.43001pt
* \oddsidemargin=0.0pt
* \evensidemargin=0.0pt
* \topmargin=-37.0pt
* \headheight=12.0pt
* \headsep=25.0pt
* \topskip=12.0pt
* \footskip=30.0pt
* \marginparwidth=44.0pt
* \marginparsep=10.0pt
* \columnsep=10.0pt
* \skip\footins=10.8pt plus 4.0pt minus 2.0pt
* \hoffset=0.0pt
* \voffset=0.0pt
* \mag=1000
* \@twocolumnfalse
* \@twosidefalse
* \@mparswitchfalse
* \@reversemarginfalse
* (1in=72.27pt=25.4mm, 1cm=28.453pt)

Package hyperref Info: Link coloring ON on input line 4.
(20230302_ML_paper.out) (20230302_ML_paper.out)
\@outlinefile=\write4
\openout4 = `20230302_ML_paper.out'.

LaTeX Font Info:    Trying to load font information for U+msa on input line 14.
 (C:\Program Files\MiKTeX\tex/latex/amsfonts\umsa.fd
File: umsa.fd 2013/01/14 v3.01 AMS symbols A
)
LaTeX Font Info:    Trying to load font information for U+msb on input line 14.
 (C:\Program Files\MiKTeX\tex/latex/amsfonts\umsb.fd
File: umsb.fd 2013/01/14 v3.01 AMS symbols B
)
Underfull \hbox (badness 10000) in paragraph at lines 15--20

 []

[0

{C:/Users/wangc/AppData/Local/MiKTeX/fonts/map/pdftex/pdftex.map}] (Introduction.tex [1] [2] [3]) (Literature_Review.tex [4] [5]) (Neural_Network.tex [6]
<images/fnw_demonstration.png, id=205, 879.285pt x 494.59781pt>
File: images/fnw_demonstration.png Graphic file (type png)
<use images/fnw_demonstration.png>
Package pdftex.def Info: images/fnw_demonstration.png  used on input line 6.
(pdftex.def)             Requested size: 375.80544pt x 211.38992pt.
 [7 <./images/fnw_demonstration.png>] [8] [9]
<images/learning rate decay.png, id=241, 974.1996pt x 556.479pt>
File: images/learning rate decay.png Graphic file (type png)
<use images/learning rate decay.png>
Package pdftex.def Info: images/learning rate decay.png  used on input line 55.
(pdftex.def)             Requested size: 375.80544pt x 214.66539pt.
 [10 <./images/learning rate decay.png>] [11] [12]
<images/shap_force_dem.png, id=277, 935.1738pt x 219.7008pt>
File: images/shap_force_dem.png Graphic file (type png)
<use images/shap_force_dem.png>
Package pdftex.def Info: images/shap_force_dem.png  used on input line 89.
(pdftex.def)             Requested size: 422.77664pt x 99.32372pt.
 [13]) (Data.tex [14 <./images/shap_force_dem.png>]

Package tabularx Warning: X Columns too narrow (table too wide)
(tabularx)                 on input line 46.


Underfull \hbox (badness 10000) in paragraph at lines 46--46
[]|\OT1/cmr/m/n/10 change in ppe and
 []


Underfull \hbox (badness 7099) in paragraph at lines 46--46
[]|\OT1/cmr/m/n/10 Maximum re-turn over
 []


Underfull \hbox (badness 3503) in paragraph at lines 46--46
[]|\OT1/cmr/m/n/10 Percent Op-er-at-ing Ac-
 []


Overfull \hbox (16.24648pt too wide) in alignment at lines 46--46
[][][][][][] 
 []

[15] [16]
<images/cfnai.png, id=328, 959.7456pt x 286.9119pt>
File: images/cfnai.png Graphic file (type png)
<use images/cfnai.png>
Package pdftex.def Info: images/cfnai.png  used on input line 56.
(pdftex.def)             Requested size: 375.80544pt x 112.3461pt.
<images/sentiment.png, id=334, 952.5186pt x 286.9119pt>
File: images/sentiment.png Graphic file (type png)
<use images/sentiment.png>
Package pdftex.def Info: images/sentiment.png  used on input line 67.
(pdftex.def)             Requested size: 375.80544pt x 113.19542pt.
 [17 <./images/cfnai.png>] [18 <./images/sentiment.png>] [19]
<images/abnormal_excess_return.png, id=391, 952.5186pt x 537.6888pt>
File: images/abnormal_excess_return.png Graphic file (type png)
<use images/abnormal_excess_return.png>
Package pdftex.def Info: images/abnormal_excess_return.png  used on input line 124.
(pdftex.def)             Requested size: 375.80544pt x 212.1345pt.
 [20] [21 <./images/abnormal_excess_return.png>] [22]) (Result1.tex [23]
<images/univariate_ls_cum_ret_ff5.png, id=439, 956.1321pt x 534.798pt>
File: images/univariate_ls_cum_ret_ff5.png Graphic file (type png)
<use images/univariate_ls_cum_ret_ff5.png>
Package pdftex.def Info: images/univariate_ls_cum_ret_ff5.png  used on input line 10.
(pdftex.def)             Requested size: 375.80544pt x 210.19429pt.
 [24] [25 <./images/univariate_ls_cum_ret_ff5.png>] [26]
<images/univariant_ls_ff5_comparing.png, id=462, 952.5186pt x 585.387pt>
File: images/univariant_ls_ff5_comparing.png Graphic file (type png)
<use images/univariant_ls_ff5_comparing.png>
Package pdftex.def Info: images/univariant_ls_ff5_comparing.png  used on input line 85.
(pdftex.def)             Requested size: 375.80544pt x 230.9529pt.
) (Result2.tex [27] [28 <./images/univariant_ls_ff5_comparing.png>] [29] [30]
<images/vw_portfolios_cumulative_return_firm.png, id=503, 962.6364pt x 552.1428pt>
File: images/vw_portfolios_cumulative_return_firm.png Graphic file (type png)
<use images/vw_portfolios_cumulative_return_firm.png>
Package pdftex.def Info: images/vw_portfolios_cumulative_return_firm.png  used on input line 37.
(pdftex.def)             Requested size: 375.80544pt x 215.55388pt.
<images/vw_portfolios_cumulative_return_all.png, id=506, 956.1321pt x 549.252pt>
File: images/vw_portfolios_cumulative_return_all.png Graphic file (type png)
<use images/vw_portfolios_cumulative_return_all.png>
Package pdftex.def Info: images/vw_portfolios_cumulative_return_all.png  used on input line 47.
(pdftex.def)             Requested size: 375.80544pt x 215.87521pt.
 [31 <./images/vw_portfolios_cumulative_return_firm.png>]
<images/ls_portfolios_predictions.png, id=516, 946.737pt x 549.252pt>
File: images/ls_portfolios_predictions.png Graphic file (type png)
<use images/ls_portfolios_predictions.png>
Package pdftex.def Info: images/ls_portfolios_predictions.png  used on input line 60.
(pdftex.def)             Requested size: 375.80544pt x 218.02072pt.
 [32 <./images/vw_portfolios_cumulative_return_all.png>] [33 <./images/ls_portfolios_predictions.png>]
<images/3rd_shap_feature_force.png, id=534, 1138.2525pt x 261.6174pt>
File: images/3rd_shap_feature_force.png Graphic file (type png)
<use images/3rd_shap_feature_force.png>
Package pdftex.def Info: images/3rd_shap_feature_force.png  used on input line 72.
(pdftex.def)             Requested size: 375.80544pt x 86.37791pt.
<images/4th_shap_feature_force.png, id=536, 1145.4795pt x 261.6174pt>
File: images/4th_shap_feature_force.png Graphic file (type png)
<use images/4th_shap_feature_force.png>
Package pdftex.def Info: images/4th_shap_feature_force.png  used on input line 82.
(pdftex.def)             Requested size: 375.80544pt x 85.83101pt.
 [34 <./images/3rd_shap_feature_force.png> <./images/4th_shap_feature_force.png>]
<images/shap_feature_importance_ff5.png, id=551, 1047.1923pt x 556.479pt>
File: images/shap_feature_importance_ff5.png Graphic file (type png)
<use images/shap_feature_importance_ff5.png>
Package pdftex.def Info: images/shap_feature_importance_ff5.png  used on input line 91.
(pdftex.def)             Requested size: 375.80544pt x 199.69545pt.
<images/shap_feature_importance_ex.png, id=558, 1047.1923pt x 556.479pt>
File: images/shap_feature_importance_ex.png Graphic file (type png)
<use images/shap_feature_importance_ex.png>
Package pdftex.def Info: images/shap_feature_importance_ex.png  used on input line 101.
(pdftex.def)             Requested size: 375.80544pt x 199.69545pt.
 [35 <./images/shap_feature_importance_ff5.png>] [36 <./images/shap_feature_importance_ex.png>]
<images/interactive_effect_excess.png, id=576, 968.418pt x 549.252pt>
File: images/interactive_effect_excess.png Graphic file (type png)
<use images/interactive_effect_excess.png>
Package pdftex.def Info: images/interactive_effect_excess.png  used on input line 116.
(pdftex.def)             Requested size: 375.80544pt x 213.14304pt.
 [37 <./images/interactive_effect_excess.png>]
<images/interactive_effect_ff5.png, id=584, 974.9223pt x 549.9747pt>
File: images/interactive_effect_ff5.png Graphic file (type png)
<use images/interactive_effect_ff5.png>
Package pdftex.def Info: images/interactive_effect_ff5.png  used on input line 126.
(pdftex.def)             Requested size: 375.80544pt x 211.99686pt.
 [38 <./images/interactive_effect_ff5.png>] [39]) (Conclusion.tex [40]) [41] [42] (20230302_ML_paper.bbl [43

] [44]) [45] (Appendix A.tex
<images/abnormal_excess_corr.png, id=630, 981.4266pt x 542.7477pt>
File: images/abnormal_excess_corr.png Graphic file (type png)
<use images/abnormal_excess_corr.png>
Package pdftex.def Info: images/abnormal_excess_corr.png  used on input line 24.
(pdftex.def)             Requested size: 375.80544pt x 207.82806pt.
 [46

 <./images/abnormal_excess_corr.png>]
<images/cfnai_four_components.png, id=637, 946.0143pt x 555.0336pt>
File: images/cfnai_four_components.png Graphic file (type png)
<use images/cfnai_four_components.png>
Package pdftex.def Info: images/cfnai_four_components.png  used on input line 44.
(pdftex.def)             Requested size: 375.80544pt x 220.48506pt.
 [47 <./images/cfnai_four_components.png>]
<images/sent_5_components.png, id=644, 942.4008pt x 777.6252pt>
File: images/sent_5_components.png Graphic file (type png)
<use images/sent_5_components.png>
Package pdftex.def Info: images/sent_5_components.png  used on input line 62.
(pdftex.def)             Requested size: 375.80544pt x 310.09532pt.
) (Appendix B.tex
<images/univariate_ls_cum_ret_capm.png, id=645, 946.737pt x 534.798pt>
File: images/univariate_ls_cum_ret_capm.png Graphic file (type png)
<use images/univariate_ls_cum_ret_capm.png>
Package pdftex.def Info: images/univariate_ls_cum_ret_capm.png  used on input line 6.
(pdftex.def)             Requested size: 375.80544pt x 212.28334pt.
 [48 <./images/sent_5_components.png>]
<images/univariant_ls_capm_comparing.png, id=652, 952.5186pt x 585.387pt>
File: images/univariant_ls_capm_comparing.png Graphic file (type png)
<use images/univariant_ls_capm_comparing.png>
Package pdftex.def Info: images/univariant_ls_capm_comparing.png  used on input line 14.
(pdftex.def)             Requested size: 375.80544pt x 230.9529pt.
 [49 <./images/univariate_ls_cum_ret_capm.png>] [50 <./images/univariant_ls_capm_comparing.png>]
<images/univariate_ls_cum_ret_ff3.png, id=668, 946.737pt x 534.798pt>
File: images/univariate_ls_cum_ret_ff3.png Graphic file (type png)
<use images/univariate_ls_cum_ret_ff3.png>
Package pdftex.def Info: images/univariate_ls_cum_ret_ff3.png  used on input line 83.
(pdftex.def)             Requested size: 375.80544pt x 212.28334pt.
 [51]
<images/univariant_ls_ff3_comparing.png, id=673, 952.5186pt x 585.387pt>
File: images/univariant_ls_ff3_comparing.png Graphic file (type png)
<use images/univariant_ls_ff3_comparing.png>
Package pdftex.def Info: images/univariant_ls_ff3_comparing.png  used on input line 91.
(pdftex.def)             Requested size: 375.80544pt x 230.9529pt.
 [52 <./images/univariate_ls_cum_ret_ff3.png> <./images/univariant_ls_ff3_comparing.png>]
<images/univariate_ls_cum_ret_excess.png, id=685, 956.1321pt x 534.798pt>
File: images/univariate_ls_cum_ret_excess.png Graphic file (type png)
<use images/univariate_ls_cum_ret_excess.png>
Package pdftex.def Info: images/univariate_ls_cum_ret_excess.png  used on input line 160.
(pdftex.def)             Requested size: 375.80544pt x 210.19429pt.
 [53]
<images/univariant_ls_excess_comparing.png, id=690, 952.5186pt x 585.387pt>
File: images/univariant_ls_excess_comparing.png Graphic file (type png)
<use images/univariant_ls_excess_comparing.png>
Package pdftex.def Info: images/univariant_ls_excess_comparing.png  used on input line 168.
(pdftex.def)             Requested size: 375.80544pt x 230.9529pt.
 [54 <./images/univariate_ls_cum_ret_excess.png> <./images/univariant_ls_excess_comparing.png>]
<images/vw_portfolios_cumulative_return_cfnai.png, id=703, 962.6364pt x 552.8655pt>
File: images/vw_portfolios_cumulative_return_cfnai.png Graphic file (type png)
<use images/vw_portfolios_cumulative_return_cfnai.png>
Package pdftex.def Info: images/vw_portfolios_cumulative_return_cfnai.png  used on input line 239.
(pdftex.def)             Requested size: 375.80544pt x 215.836pt.
 [55]
<images/vw_portfolios_cumulative_return_sent.png, id=708, 962.6364pt x 549.252pt>
File: images/vw_portfolios_cumulative_return_sent.png Graphic file (type png)
<use images/vw_portfolios_cumulative_return_sent.png>
Package pdftex.def Info: images/vw_portfolios_cumulative_return_sent.png  used on input line 247.
(pdftex.def)             Requested size: 375.80544pt x 214.42532pt.
<images/shap_feature_importance_capm.png, id=709, 1056.5874pt x 556.479pt>
File: images/shap_feature_importance_capm.png Graphic file (type png)
<use images/shap_feature_importance_capm.png>
Package pdftex.def Info: images/shap_feature_importance_capm.png  used on input line 259.
(pdftex.def)             Requested size: 375.80544pt x 197.92928pt.
 [56 <./images/vw_portfolios_cumulative_return_cfnai.png> <./images/vw_portfolios_cumulative_return_sent.png>]
<images/shap_feature_importance_ff3.png, id=718, 1054.4193pt x 556.479pt>
File: images/shap_feature_importance_ff3.png Graphic file (type png)
<use images/shap_feature_importance_ff3.png>
Package pdftex.def Info: images/shap_feature_importance_ff3.png  used on input line 267.
(pdftex.def)             Requested size: 375.80544pt x 198.32837pt.
<images/interactive_effect_ff3.png, id=719, 968.418pt x 549.252pt>
File: images/interactive_effect_ff3.png Graphic file (type png)
<use images/interactive_effect_ff3.png>
Package pdftex.def Info: images/interactive_effect_ff3.png  used on input line 279.
(pdftex.def)             Requested size: 375.80544pt x 213.14304pt.
 [57 <./images/shap_feature_importance_capm.png> <./images/shap_feature_importance_ff3.png>]
<images/interactive_effect_capm.png, id=728, 974.9223pt x 549.252pt>
File: images/interactive_effect_capm.png Graphic file (type png)
<use images/interactive_effect_capm.png>
Package pdftex.def Info: images/interactive_effect_capm.png  used on input line 287.
(pdftex.def)             Requested size: 375.80544pt x 211.71829pt.
 [58 <./images/interactive_effect_ff3.png>]) [59 <./images/interactive_effect_capm.png>] [60] (20230302_ML_paper.aux)
Package rerunfilecheck Info: File `20230302_ML_paper.out' has not changed.
(rerunfilecheck)             Checksum: 1153B41BCFDB815BA79BF2703A207624;4940.
 ) 
Here is how much of TeX's memory you used:
 14585 strings out of 475284
 241288 string characters out of 2783920
 616040 words of memory out of 3000000
 35567 multiletter control sequences out of 15000+600000
 484045 words of font info for 85 fonts, out of 8000000 for 9000
 1141 hyphenation exceptions out of 8191
 87i,12n,91p,1989b,689s stack positions out of 10000i,1000n,20000p,200000b,80000s
 <C:\Users\wangc\AppData\Local\MiKTeX\fonts/pk/ljfour/jknappen/ec/dpi600\tcrm1200.pk> <C:\Users\wangc\AppData\Local\MiKTeX\fonts/pk/ljfour/jknappen/ec/dpi600\tcrm1095.pk> <C:\Users\wangc\AppData\Local\MiKTeX\fonts/pk/ljfour/jknappen/ec/dpi600\tcrm0700.pk> <C:\Users\wangc\AppData\Local\MiKTeX\fonts/pk/ljfour/jknappen/ec/dpi600\tcrm1000.pk> <C:\Users\wangc\AppData\Local\MiKTeX\fonts/pk/ljfour/jknappen/ec/dpi600\tcrm1440.pk><C:/Program Files/MiKTeX/fonts/type1/public/amsfonts/cm/cmbx10.pfb><C:/Program Files/MiKTeX/fonts/type1/public/amsfonts/cm/cmbx12.pfb><C:/Program Files/MiKTeX/fonts/type1/public/amsfonts/cm/cmex10.pfb><C:/Program Files/MiKTeX/fonts/type1/public/amsfonts/cm/cmmi12.pfb><C:/Program Files/MiKTeX/fonts/type1/public/amsfonts/cm/cmmi8.pfb><C:/Program Files/MiKTeX/fonts/type1/public/amsfonts/cm/cmr10.pfb><C:/Program Files/MiKTeX/fonts/type1/public/amsfonts/cm/cmr12.pfb><C:/Program Files/MiKTeX/fonts/type1/public/amsfonts/cm/cmr17.pfb><C:/Program Files/MiKTeX/fonts/type1/public/amsfonts/cm/cmr7.pfb><C:/Program Files/MiKTeX/fonts/type1/public/amsfonts/cm/cmr8.pfb><C:/Program Files/MiKTeX/fonts/type1/public/amsfonts/cm/cmsy10.pfb><C:/Program Files/MiKTeX/fonts/type1/public/amsfonts/cm/cmsy8.pfb><C:/Program Files/MiKTeX/fonts/type1/public/amsfonts/cm/cmtt10.pfb>
Output written on 20230302_ML_paper.pdf (61 pages, 4005933 bytes).
PDF statistics:
 866 PDF objects out of 1000 (max. 8388607)
 188 named destinations out of 1000 (max. 500000)
 393 words of extra memory for PDF output out of 10000 (max. 10000000)

